<?xml version="1.0" encoding="UTF-8"?>
<testng-results ignored="0" total="2" passed="2" failed="0" skipped="0">
  <reporter-output>
  </reporter-output>
  <suite started-at="2022-09-19T13:26:14 IST" name="Suite" finished-at="2022-09-19T13:26:15 IST" duration-ms="204">
    <groups>
    </groups>
    <test started-at="2022-09-19T13:26:14 IST" name="Test" finished-at="2022-09-19T13:26:15 IST" duration-ms="204">
      <class name="test_case.Test_Case_1">
        <test-method signature="test1()[pri:0, instance:test_case.Test_Case_1@6892b3b6]" started-at="2022-09-19T13:26:15 IST" name="test1" finished-at="2022-09-19T13:26:15 IST" duration-ms="37" status="PASS">
          <reporter-output>
          </reporter-output>
        </test-method> <!-- test1 -->
        <test-method signature="test2()[pri:0, instance:test_case.Test_Case_1@6892b3b6]" started-at="2022-09-19T13:26:15 IST" name="test2" finished-at="2022-09-19T13:26:15 IST" duration-ms="4" status="PASS">
          <reporter-output>
          </reporter-output>
        </test-method> <!-- test2 -->
      </class> <!-- test_case.Test_Case_1 -->
    </test> <!-- Test -->
  </suite> <!-- Suite -->
</testng-results>
